{
  "type": "Program",
  "start": 0,
  "end": 11,
  "loc": {
    "start": {
      "line": 1,
      "column": 0
    },
    "end": {
      "line": 1,
      "column": 11
    }
  },
  "body": [
    {
      "type": "VariableDeclaration",
      "start": 0,
      "end": 11,
      "loc": {
        "start": {
          "line": 1,
          "column": 0
        },
        "end": {
          "line": 1,
          "column": 11
        }
      },
      "declarations": [
        {
          "type": "VariableDeclarator",
          "start": 6,
          "end": 11,
          "loc": {
            "start": {
              "line": 1,
              "column": 6
            },
            "end": {
              "line": 1,
              "column": 11
            }
          },
          "id": {
            "type": "Identifier",
            "start": 6,
            "end": 7,
            "loc": {
              "start": {
                "line": 1,
                "column": 6
              },
              "end": {
                "line": 1,
                "column": 7
              }
            },
            "name": "x"
          },
          "init": {
            "type": "Literal",
            "start": 10,
            "end": 11,
            "loc": {
              "start": {
                "line": 1,
                "column": 10
              },
              "end": {
                "line": 1,
                "column": 11
              }
            },
            "value": 0,
            "raw": "0"
          }
        }
      ],
      "kind": "const"
    }
  ],
  "sourceType": "script"
}
