{
  "type": "Program",
  "start": 0,
  "end": 46,
  "body": [
    {
      "type": "VariableDeclaration",
      "start": 0,
      "end": 46,
      "declarations": [
        {
          "type": "VariableDeclarator",
          "start": 6,
          "end": 46,
          "id": {
            "type": "Identifier",
            "start": 6,
            "end": 10,
            "name": "func"
          },
          "init": {
            "type": "ArrowFunctionExpression",
            "start": 13,
            "end": 46,
            "id": null,
            "expression": false,
            "generator": false,
            "async": false,
            "params": [
              {
                "type": "Identifier",
                "start": 14,
                "end": 19,
                "name": "param"
              }
            ],
            "body": {
              "type": "BlockStatement",
              "start": 24,
              "end": 46,
              "body": [
                {
                  "type": "ReturnStatement",
                  "start": 28,
                  "end": 44,
                  "argument": {
                    "type": "BinaryExpression",
                    "start": 35,
                    "end": 44,
                    "left": {
                      "type": "Identifier",
                      "start": 35,
                      "end": 40,
                      "name": "param"
                    },
                    "operator": "+",
                    "right": {
                      "type": "Literal",
                      "start": 43,
                      "end": 44,
                      "value": 1,
                      "raw": "1"
                    }
                  }
                }
              ]
            }
          }
        }
      ],
      "kind": "const"
    }
  ],
  "sourceType": "module"
}
