copy-file-filtered.js
copy-file-unfiltered.js
copy-file-unfiltered.out
copy-file-unfiltered.sh
copy-file-unfiltered.txt
figures/anonymous-functions.pdf
figures/anonymous-functions.svg
figures/array-filter.pdf
figures/array-filter.svg
figures/callbacks.pdf
...
x-string-interpolation/problem.md
x-string-interpolation/solution.md
x-trace-anonymous/problem.md
x-trace-anonymous/solution.md
x-trace-anonymous/trace.js
x-trace-callback/problem.md
x-trace-callback/solution.md
x-trace-callback/trace.js
x-where-is-node/problem.md
x-where-is-node/solution.md
