copy-file-filtered.js
copy-file-unfiltered.js
copy-file-unfiltered.out
copy-file-unfiltered.sh
copy-file-unfiltered.txt
glob-all-files.js
glob-all-files.slice.out
glob-ensure-output-directory.js
glob-filter-with-options.js
glob-get-then-filter-idiomatic.js
...
x-string-interpolation/problem.md
x-string-interpolation/solution.md
x-trace-anonymous/problem.md
x-trace-anonymous/solution.md
x-trace-anonymous/trace.js
x-trace-callback/problem.md
x-trace-callback/solution.md
x-trace-callback/trace.js
x-where-is-node/problem.md
x-where-is-node/solution.md
