array-filter/filter.js
array-filter/filter.txt
array-filter/problem.md
array-filter/solution.md
copy-file-filtered.js
copy-file-unfiltered-wrap.sh
copy-file-unfiltered.js
copy-file-unfiltered.out
copy-file-unfiltered.sh
copy-file-unfiltered.txt
counting-lines/problem.md
counting-lines/solution.md
destructuring-assignment/problem.md
destructuring-assignment/solution.md
glob-all-files.js
glob-all-files.out
glob-ensure-output-directory.js
glob-filter-with-options.js
glob-get-then-filter-idiomatic.js
glob-get-then-filter-pedantic.js
glob-get-then-filter-pedantic.out
glob-patterns/problem.md
glob-patterns/solution.md
glob-with-dest-directory.js
glob-with-source-directory.js
index.md
list-dir-function-anonymous.js
list-dir-function-defined.js
list-dir-function-defined.sh
list-dir-wrong-wrapped.sh
list-dir-wrong.js
list-dir-wrong.sh
rename-files/problem.md
rename-files/solution.md
significant-entries/problem.md
significant-entries/solution.md
string-interpolation/interpolate.js
string-interpolation/interpolate.txt
string-interpolation/problem.md
string-interpolation/solution.md
trace-anonymous/problem.md
trace-anonymous/solution.md
trace-anonymous/trace.js
trace-callback/problem.md
trace-callback/solution.md
trace-callback/trace.js
where-is-node/problem.md
where-is-node/solution.md
