last line of program
running callback
Makefile
array-filter
copy-file-filtered.js
copy-file-unfiltered-wrap.sh
copy-file-unfiltered.js
copy-file-unfiltered.out
copy-file-unfiltered.sh
copy-file-unfiltered.txt
counting-lines
destructuring-assignment
glob-all-files.js
glob-all-files.out
glob-ensure-output-directory.js
glob-filter-with-options.js
glob-get-then-filter-idiomatic.js
glob-get-then-filter-pedantic.js
glob-get-then-filter-pedantic.out
glob-patterns
glob-with-dest-directory.js
glob-with-source-directory.js
index.md
list-dir-function-anonymous.js
list-dir-function-defined.js
list-dir-function-defined.out
list-dir-function-defined.sh
list-dir-wrong-wrapped.sh
list-dir-wrong.js
list-dir-wrong.sh
rename-files
significant-entries
string-interpolation
trace-anonymous
trace-callback
where-is-node
