./backup.js 11422489e11be3d8ff76278503457665f6152ebe
./check-existing-files.js 66b933cf9e792e9a9204171d04e0f8b530ec3f4f
./hash-existing-async.js 38518660463a80367f9719a870916eeab2933a8d
./hash-existing-promise.js 2b022a50294697eef84689b63ab46f0b899d14db
./hash-file.js c54c8ee3e576770d29ae2d0d73568e5a5c49eac0
./hash-file.out 7d5014143474e733daf263a94d4d43df30ba91cf
./hash-file.sh ff2f263c71ce98338adf4a8a65c297c9361e3e16
./hash-stream.js dc9e6c231e243860dace2dbf52845b121062b60e
./hash-stream.out af7195be4585e588f301cbfbddd5a47966cb704c
./hash-stream.sh 0dd6064f3005e832fef580f3de7fa0980fd81dee
./hash-text.js 069b19412fb9c3c8489f85f1c45d8821c220185f
./hash-text.out 4ae882fbcd46e408c9a0548f6547158bc982b40a
./hash-text.sh 4e85b91c9254c77cf887d2ca92ea0a8ed60c14b7
./index.md 12a800fc25998b8dd111d8c887ffa6fbc7d00238
./Makefile 950ffb0cb8137b509991f6dbe6798b192ead86b4
./run-hash-existing-async.js 6ded15d613e349bfaf0fea8562166ccb3a82d3a6
./run-hash-existing-async.out da39a3ee5e6b4b0d3255bfef95601890afd80709
./run-hash-existing-async.sh 77ef1cf657fc61f6b47b5313e69973830225cb1d
./run-hash-existing-promise.js 877f1a5b3d4e2c18580a7360595ab3362e5b553d
./run-hash-existing-promise.sh 7d7470ac520fc1f368d97fd0d061e17caacea83b
./test-backup.sh 7ab530fdf93cf27e199eac259925502bad55e08b
./test-check-filesystem.sh d3621575780a3bd2ed97fb8d703555c8ea667b80
./tree-test.sh 0947bbdf779e1ebb8919e94b556da6b62114c114
