./backup.js 11422489e11be3d8ff76278503457665f6152ebe
./check-existing-files.js 66b933cf9e792e9a9204171d04e0f8b530ec3f4f
./figures/hash-function.pdf 0eb82de379a95ee2be3f00b38c0102e2f2f8170e
./figures/hash-function.svg 563996575d581f2a08e3e954d7faba4d189d0773
./figures/mock-fs.pdf 0b3bba44e69122ee53bcc9d777c186c84b7c2ff2
./figures/mock-fs.svg cc8aec9a0ec1fb399c7beba361b566e31fc04ae1
./figures/storage.pdf d0b17c579e8cec30fdff6f52891016f409dc3027
./figures/storage.svg 166892eb67b5da1e927da6f6aef8eded832ab8af
./figures/streaming.pdf 189e9222c06a889c4e5f61a0b3b33262283ce637
./figures/streaming.svg 3e37947a312fed1aa7766c41ef0b761270cf8b1e
...
./x-from-to/problem.md 47bb0e1ef733bc2b946f23bb03742272b34f7bf9
./x-from-to/solution.md c3f973829afce9d3480693ba9b09da01d08f76f7
./x-io-streams/problem.md 298897364632cd64c8a50c0a08aa3e235335c0d4
./x-io-streams/solution.md c3f973829afce9d3480693ba9b09da01d08f76f7
./x-json-manifests/problem.md 479b3a8502245b3cf23752a213cc08cf0d7d5193
./x-json-manifests/solution.md c3f973829afce9d3480693ba9b09da01d08f76f7
./x-mock-hashes/problem.md c1e815e888846fddd0e3d28640c0e20a8c665b25
./x-mock-hashes/solution.md c3f973829afce9d3480693ba9b09da01d08f76f7
./x-pre-commit/problem.md b7d945af4554fc0f64b708fe735417bee8b33eef
./x-pre-commit/solution.md c3f973829afce9d3480693ba9b09da01d08f76f7
