10: ./assign-immediately.js
1: ./assign-immediately.out
12: ./await-fs.js
4: ./await-fs.out
1: ./await-fs.sh
4: ./callbacks-with-timeouts.js
6: ./callbacks-with-timeouts.out
4: ./callbacks-with-zero-timeouts.js
6: ./callbacks-with-zero-timeouts.out
20: ./count-lines-globbed-files.js
...
11: ./x-match-lines/problem.md
3: ./x-match-lines/solution.md
3: ./x-multiple-catch/example.js
2: ./x-multiple-catch/example.txt
13: ./x-multiple-catch/problem.md
3: ./x-multiple-catch/solution.md
2: ./x-trace-load/config.yml
14: ./x-trace-load/example.js
5: ./x-trace-load/problem.md
3: ./x-trace-load/solution.md
