./backup.js 11422489e11be3d8ff76278503457665f6152ebe
./check-existing-files.js 66b933cf9e792e9a9204171d04e0f8b530ec3f4f
./hash-existing-async.js 38518660463a80367f9719a870916eeab2933a8d
./hash-existing-promise.js 2b022a50294697eef84689b63ab46f0b899d14db
./hash-file.js c54c8ee3e576770d29ae2d0d73568e5a5c49eac0
./hash-file.out 7d5014143474e733daf263a94d4d43df30ba91cf
./hash-file.sh ff2f263c71ce98338adf4a8a65c297c9361e3e16
./hash-stream.js dc9e6c231e243860dace2dbf52845b121062b60e
./hash-stream.out af7195be4585e588f301cbfbddd5a47966cb704c
./hash-stream.sh 0dd6064f3005e832fef580f3de7fa0980fd81dee
...
./x-from-to/problem.md 47bb0e1ef733bc2b946f23bb03742272b34f7bf9
./x-from-to/solution.md 412b87759362bb14d417e02efe7c3607274e10ca
./x-io-streams/problem.md 298897364632cd64c8a50c0a08aa3e235335c0d4
./x-io-streams/solution.md 412b87759362bb14d417e02efe7c3607274e10ca
./x-json-manifests/problem.md 83ad4f0d55f420dbe694b72a26a89b9b4d92bea6
./x-json-manifests/solution.md 412b87759362bb14d417e02efe7c3607274e10ca
./x-mock-hashes/problem.md c1e815e888846fddd0e3d28640c0e20a8c665b25
./x-mock-hashes/solution.md 412b87759362bb14d417e02efe7c3607274e10ca
./x-pre-commit/problem.md b7d945af4554fc0f64b708fe735417bee8b33eef
./x-pre-commit/solution.md 412b87759362bb14d417e02efe7c3607274e10ca
