$ node
> require('./major')
internal/modules/cjs/loader.js:1080
      throw new ERR_REQUIRE_ESM(filename, parentPath, packageJsonPath);
      ^
Error [ERR_REQUIRE_ESM]: Must use import to load ES Module: \
 /u/stjs/module-loader/checking/major.js
require() of ES modules is not supported.
require() of /u/stjs/module-loader/checking/major.js from \
 /Users/gvwilson/stjs/module-loader/checking/[stdin] is an ES module \
 file as it is a .js file whose nearest parent package.json contains \
 "type": "module" which defines all .js files in that package scope as \
 ES modules.
Instead rename major.js to end in .cjs, change the requiring code to use \
 import(), or remove "type": "module" from /u/stjs/package.json.
    at Object.Module._extensions..js \
 (internal/modules/cjs/loader.js:1080:13)
    at Module.load (internal/modules/cjs/loader.js:928:32)
    at Function.Module._load (internal/modules/cjs/loader.js:769:14)
    at Module.require (internal/modules/cjs/loader.js:952:19)
    at require (internal/modules/cjs/helpers.js:88:18)
    at [stdin]:1:1
    at Script.runInThisContext (vm.js:132:18)
    at Object.runInThisContext (vm.js:309:38)
    at internal/process/execution.js:77:19
    at [stdin]-wrapper:6:22 {
  code: 'ERR_REQUIRE_ESM'
}
